<?xml version="1.0" encoding="UTF-8"?>
<!-- Generated by org.testng.reporters.JUnitXMLReporter -->
<testsuite ignored="0" hostname="kprabamca" failures="1" tests="4" name="Test" time="43.054" errors="0" timestamp="2025-07-27T04:24:29 IST">
  <testcase classname="testCases.TC003_LoginTest" name="verify_loginDDT" time="2.16"/>
  <testcase classname="testCases.TC003_LoginTest" name="verify_loginDDT" time="11.262"/>
  <testcase classname="testCases.TC003_LoginTest" name="verify_loginDDT" time="2.533">
    <failure type="java.lang.AssertionError" message="expected [true] but found [false]">
      <![CDATA[java.lang.AssertionError: expected [true] but found [false]
at testCases.TC003_LoginTest.verify_loginDDT(TC003_LoginTest.java:65)
at java.base/java.util.ArrayList.forEach(ArrayList.java:1597)
... Removed 29 stack frames]]>
    </failure>
  </testcase> <!-- verify_loginDDT -->
  <testcase classname="testCases.TC003_LoginTest" name="verify_loginDDT" time="10.699"/>
</testsuite> <!-- Test -->
